{"C:\\Users\\rupsha.bagchi\\Documents\\mobx-react-boilerplate\\src\\models\\TodoListModel.js": {"path":"C:\\Users\\rupsha.bagchi\\Documents\\mobx-react-boilerplate\\src\\models\\TodoListModel.js","statementMap":{"0":{"start":{"line":9,"column":6},"end":{"line":9,"column":61}},"1":{"start":{"line":9,"column":39},"end":{"line":9,"column":53}},"2":{"start":{"line":14,"column":6},"end":{"line":14,"column":43}}},"fnMap":{"0":{"name":"(anonymous_0)","decl":{"start":{"line":8,"column":2},"end":{"line":8,"column":3}},"loc":{"start":{"line":8,"column":28},"end":{"line":10,"column":3}},"line":8},"1":{"name":"(anonymous_1)","decl":{"start":{"line":9,"column":31},"end":{"line":9,"column":32}},"loc":{"start":{"line":9,"column":39},"end":{"line":9,"column":53}},"line":9},"2":{"name":"(anonymous_2)","decl":{"start":{"line":13,"column":2},"end":{"line":13,"column":3}},"loc":{"start":{"line":13,"column":17},"end":{"line":15,"column":3}},"line":13}},"branchMap":{},"s":{"0":0,"1":0,"2":0},"f":{"0":0,"1":0,"2":0},"b":{},"_coverageSchema":"332fd63041d2c1bcb487cc26dd0d5f7d97098a6c","hash":"6ab0168a99d24d72cc050444e5474ca1c8ce3675"}
,"C:\\Users\\rupsha.bagchi\\Documents\\mobx-react-boilerplate\\src\\models\\TodoModel.js": {"path":"C:\\Users\\rupsha.bagchi\\Documents\\mobx-react-boilerplate\\src\\models\\TodoModel.js","statementMap":{"0":{"start":{"line":9,"column":6},"end":{"line":9,"column":24}}},"fnMap":{"0":{"name":"(anonymous_0)","decl":{"start":{"line":8,"column":2},"end":{"line":8,"column":3}},"loc":{"start":{"line":8,"column":21},"end":{"line":10,"column":3}},"line":8}},"branchMap":{},"s":{"0":0},"f":{"0":0},"b":{},"_coverageSchema":"332fd63041d2c1bcb487cc26dd0d5f7d97098a6c","hash":"f0daa861c80c405e171ec8ce1e8e40af462fcfa1"}
}
